


Using shader api: shaderapiempty.dll
materialPath: G:\SteamLibrary\steamapps\common\Team Fortress 2\tf\materials
Loading P:\team-fortress\mvm_ascent\mvm_ascent.vmf
fixing up env_cubemap materials on brush sides...
0...1...2...3...4...5...6...7...8...9...100...1...2...3...4...5...6...7...8...9...10Processing areas...done (0)
Building Faces...done (0)
Chop Details...done (0)
Find Visible Detail Sides...done (0)
Merging details...done (0)
FixTjuncs...
PruneNodes...
WriteBSP...
done (0)
writing P:\team-fortress\mvm_ascent\mvm_ascent.prt...Building visibility clusters...
done (0)
WARNING: node without a volume
WARNING: node without a volume
WARNING: node without a volume
*** Error: Skybox vtf files for skybox/sky_well_01 weren't compiled with the same size texture and/or same flags!
Can't load skybox file skybox/sky_well_01 to build the default cubemap!
*** Error: Skybox vtf files for skybox/sky_well_01 weren't compiled with the same size texture and/or same flags!
Can't load skybox file skybox/sky_well_01 to build the default cubemap!
Finding displacement neighbors...
Finding lightmap sample positions...
Displacement Alpha : 0...1...2...3...4...5...6...7...8...9...10
Building Physics collision data...
done (0) (315042 bytes)
Placing detail props : 0...1...2...3...4...5...6...7...8...9...10
Water found with no water_lod_control entity, creating a default one.
Compacting texture/material tables...
Reduced 1247 texinfos to 788
Reduced 14 texdatas to 13 (310 bytes to 269)
Writing P:\team-fortress\mvm_ascent\mvm_ascent.bsp
MSG_FILEWRITE - Filesystem was asked to write to 'P:\team-fortress\mvm_ascent\mvm_ascent.bsp', but we don't own that location. Allowing.
Wrote ZIP buffer, estimated size 420, actual size 340
0 seconds elapsed



16 threads
reading p:\team-fortress\mvm_ascent\mvm_ascent.bsp
reading p:\team-fortress\mvm_ascent\mvm_ascent.prt
1233 portalclusters
4291 numportals
0...1...2...3...4...5...6...7...8...9...10Optimized: 36814 visible clusters (2.65%)
Total clusters visible: 1389216
Average clusters visible: 1126
Building PAS...
Average clusters audible: 1232
visdatasize:391500  compressed from 394560
writing p:\team-fortress\mvm_ascent\mvm_ascent.bsp
MSG_FILEWRITE - Filesystem was asked to write to 'p:\team-fortress\mvm_ascent\mvm_ascent.bsp', but we don't own that location. Allowing.
0 seconds elapsed



[Reading texlights from 'lights.rad']
[56 texlights parsed from 'lights.rad']

Loading p:\team-fortress\mvm_ascent\mvm_ascent.bsp
5043 faces
3318860 square feet [477915840.00 square inches]
0 Displacements
0 Square Feet [0.00 Square Inches]
5043 patches before subdivision
5043 patches after subdivision
2 direct lights
0...1...2...3...4...5...6...7...8...9...100...1...2...3...4...5...6...7...8...9...10transfers 865522, max 1233
transfer lists:   6.6 megs
0...1...2...3...4...5...6...7...8...9...10	Bounce #1 added RGB(26339, 22900, 21830)
0...1...2...3...4...5...6...7...8...9...10	Bounce #2 added RGB(2464, 1988, 1445)
Build Patch/Sample Hash Table(s).....Done<0.0139 sec>
0...1...2...3...4...5...6...7...8...9...10FinalLightFace Done
0 of 0 (0% of) surface lights went in leaf ambient cubes.
0...1...2...3...4...5...6...7...8...9...10Writing leaf ambient...done
Ready to Finish

Object names       Objects/Maxobjs  Memory / Maxmem  Fullness 
------------       ---------------  ---------------  -------- 
models                  61/1024         2928/49152    ( 6.0%) 
brushes                852/8192        10224/98304    (10.4%) 
brushsides           10323/65536       82584/524288   (15.8%) 
planes                8596/65536      171920/1310720  (13.1%) 
vertexes              5925/65536       71100/786432   ( 9.0%) 
nodes                 3054/65536       97728/2097152  ( 4.7%) 
texinfos               788/12288       56736/884736   ( 6.4%) 
texdata                 13/2048          416/65536    ( 0.6%) 
dispinfos                0/0               0/0        ( 0.0%) 
disp_verts               0/0               0/0        ( 0.0%) 
disp_tris                0/0               0/0        ( 0.0%) 
disp_lmsamples           0/0               0/0        ( 0.0%) 
faces                 5043/65536      282408/3670016  ( 7.7%) 
hdr faces                0/65536           0/3670016  ( 0.0%) 
origfaces             3044/65536      170464/3670016  ( 4.6%) 
leaves                3116/65536       99712/2097152  ( 4.8%) 
leaffaces             5689/65536       11378/131072   ( 8.7%) 
leafbrushes           2155/65536        4310/131072   ( 3.3%) 
areas                    2/256            16/2048     ( 0.8%) 
surfedges            34636/512000     138544/2048000  ( 6.8%) 
edges                18229/256000      72916/1024000  ( 7.1%) 
LDR worldlights          2/8192          176/720896   ( 0.0%) 
HDR worldlights          0/8192            0/720896   ( 0.0%) 
leafwaterdata            1/32768          12/393216   ( 0.0%) 
waterstrips            282/32768        2820/327680   ( 0.9%) 
waterverts               0/65536           0/786432   ( 0.0%) 
waterindices          4230/65536        8460/131072   ( 6.5%) 
cubemapsamples           0/1024            0/16384    ( 0.0%) 
overlays                 0/512             0/180224   ( 0.0%) 
LDR lightdata         [variable]     2225560/0        ( 0.0%) 
HDR lightdata         [variable]           0/0        ( 0.0%) 
visdata               [variable]      391500/16777216 ( 2.3%) 
entdata               [variable]       76311/393216   (19.4%) 
LDR ambient table     3116/65536       12464/262144   ( 4.8%) 
HDR ambient table     3116/65536       12464/262144   ( 4.8%) 
LDR leaf ambient     20374/65536      570472/1835008  (31.1%) 
HDR leaf ambient      3116/65536       87248/1835008  ( 4.8%) 
occluders                0/0               0/0        ( 0.0%) 
occluder polygons        0/0               0/0        ( 0.0%) 
occluder vert ind        0/0               0/0        ( 0.0%) 
detail props          [variable]           1/12       ( 8.3%) 
static props          [variable]           1/576      ( 0.2%) 
pakfile               [variable]         340/0        ( 0.0%) 
physics               [variable]      315042/4194304  ( 7.5%) 
physics terrain       [variable]           2/1048576  ( 0.0%) 

Level flags = 0

Total triangle count: 12363
Writing p:\team-fortress\mvm_ascent\mvm_ascent.bsp
11 seconds elapsed



Using shader api: shaderapiempty.dll
materialPath: G:\SteamLibrary\steamapps\common\Team Fortress 2\tf\materials
Loading P:\team-fortress\mvm_ascent\mvm_ascent.vmf
fixing up env_cubemap materials on brush sides...
0...1...2...3...4...5...6...7...8...9...100...1...2...3...4...5...6...7...8...9...10Processing areas...done (0)
Building Faces...done (0)
Chop Details...done (0)
Find Visible Detail Sides...done (0)
Merging details...done (0)
FixTjuncs...
PruneNodes...
WriteBSP...
done (0)
writing P:\team-fortress\mvm_ascent\mvm_ascent.prt...Building visibility clusters...
done (0)
WARNING: node without a volume
WARNING: node without a volume
WARNING: node without a volume
*** Error: Skybox vtf files for skybox/sky_well_01 weren't compiled with the same size texture and/or same flags!
Can't load skybox file skybox/sky_well_01 to build the default cubemap!
*** Error: Skybox vtf files for skybox/sky_well_01 weren't compiled with the same size texture and/or same flags!
Can't load skybox file skybox/sky_well_01 to build the default cubemap!
Finding displacement neighbors...
Finding lightmap sample positions...
Displacement Alpha : 0...1...2...3...4...5...6...7...8...9...10
Building Physics collision data...
done (0) (315042 bytes)
Placing detail props : 0...1...2...3...4...5...6...7...8...9...10
Water found with no water_lod_control entity, creating a default one.
Compacting texture/material tables...
Reduced 1247 texinfos to 788
Reduced 14 texdatas to 13 (310 bytes to 269)
Writing P:\team-fortress\mvm_ascent\mvm_ascent.bsp
MSG_FILEWRITE - Filesystem was asked to write to 'P:\team-fortress\mvm_ascent\mvm_ascent.bsp', but we don't own that location. Allowing.
Wrote ZIP buffer, estimated size 420, actual size 340
0 seconds elapsed



16 threads
reading p:\team-fortress\mvm_ascent\mvm_ascent.bsp
reading p:\team-fortress\mvm_ascent\mvm_ascent.prt
1233 portalclusters
4291 numportals
0...1...2...3...4...5...6...7...8...9...10Optimized: 36814 visible clusters (2.65%)
Total clusters visible: 1389216
Average clusters visible: 1126
Building PAS...
Average clusters audible: 1232
visdatasize:391500  compressed from 394560
writing p:\team-fortress\mvm_ascent\mvm_ascent.bsp
MSG_FILEWRITE - Filesystem was asked to write to 'p:\team-fortress\mvm_ascent\mvm_ascent.bsp', but we don't own that location. Allowing.
0 seconds elapsed



[Reading texlights from 'lights.rad']
[56 texlights parsed from 'lights.rad']

Loading p:\team-fortress\mvm_ascent\mvm_ascent.bsp
5043 faces
3318860 square feet [477915840.00 square inches]
0 Displacements
0 Square Feet [0.00 Square Inches]
5043 patches before subdivision
5043 patches after subdivision
2 direct lights
0...1...2...3...4...5...6...7...8...9...100...1...2...3...4...5...6...7...8...9...10transfers 865522, max 1233
transfer lists:   6.6 megs
0...1...2...3...4...5...6...7...8...9...10	Bounce #1 added RGB(26339, 22900, 21830)
0...1...2...3...4...5...6...7...8...9...10	Bounce #2 added RGB(2464, 1988, 1445)
Build Patch/Sample Hash Table(s).....Done<0.0145 sec>
0...1...2...3...4...5...6...7...8...9...10FinalLightFace Done
0 of 0 (0% of) surface lights went in leaf ambient cubes.
0...1...2...3...4...5...6...7...8...9...10Writing leaf ambient...done
Ready to Finish

Object names       Objects/Maxobjs  Memory / Maxmem  Fullness 
------------       ---------------  ---------------  -------- 
models                  61/1024         2928/49152    ( 6.0%) 
brushes                852/8192        10224/98304    (10.4%) 
brushsides           10323/65536       82584/524288   (15.8%) 
planes                8596/65536      171920/1310720  (13.1%) 
vertexes              5925/65536       71100/786432   ( 9.0%) 
nodes                 3054/65536       97728/2097152  ( 4.7%) 
texinfos               788/12288       56736/884736   ( 6.4%) 
texdata                 13/2048          416/65536    ( 0.6%) 
dispinfos                0/0               0/0        ( 0.0%) 
disp_verts               0/0               0/0        ( 0.0%) 
disp_tris                0/0               0/0        ( 0.0%) 
disp_lmsamples           0/0               0/0        ( 0.0%) 
faces                 5043/65536      282408/3670016  ( 7.7%) 
hdr faces                0/65536           0/3670016  ( 0.0%) 
origfaces             3044/65536      170464/3670016  ( 4.6%) 
leaves                3116/65536       99712/2097152  ( 4.8%) 
leaffaces             5689/65536       11378/131072   ( 8.7%) 
leafbrushes           2155/65536        4310/131072   ( 3.3%) 
areas                    2/256            16/2048     ( 0.8%) 
surfedges            34636/512000     138544/2048000  ( 6.8%) 
edges                18229/256000      72916/1024000  ( 7.1%) 
LDR worldlights          2/8192          176/720896   ( 0.0%) 
HDR worldlights          0/8192            0/720896   ( 0.0%) 
leafwaterdata            1/32768          12/393216   ( 0.0%) 
waterstrips            282/32768        2820/327680   ( 0.9%) 
waterverts               0/65536           0/786432   ( 0.0%) 
waterindices          4230/65536        8460/131072   ( 6.5%) 
cubemapsamples           0/1024            0/16384    ( 0.0%) 
overlays                 0/512             0/180224   ( 0.0%) 
LDR lightdata         [variable]     2225560/0        ( 0.0%) 
HDR lightdata         [variable]           0/0        ( 0.0%) 
visdata               [variable]      391500/16777216 ( 2.3%) 
entdata               [variable]       76311/393216   (19.4%) 
LDR ambient table     3116/65536       12464/262144   ( 4.8%) 
HDR ambient table     3116/65536       12464/262144   ( 4.8%) 
LDR leaf ambient     20374/65536      570472/1835008  (31.1%) 
HDR leaf ambient      3116/65536       87248/1835008  ( 4.8%) 
occluders                0/0               0/0        ( 0.0%) 
occluder polygons        0/0               0/0        ( 0.0%) 
occluder vert ind        0/0               0/0        ( 0.0%) 
detail props          [variable]           1/12       ( 8.3%) 
static props          [variable]           1/576      ( 0.2%) 
pakfile               [variable]         340/0        ( 0.0%) 
physics               [variable]      315042/4194304  ( 7.5%) 
physics terrain       [variable]           2/1048576  ( 0.0%) 

Level flags = 0

Total triangle count: 12363
Writing p:\team-fortress\mvm_ascent\mvm_ascent.bsp
10 seconds elapsed
